0 info it worked if it ends with ok
1 verbose cli [ 'node', '/usr/local/bin/npm', 'install', 'nodejitsu' ]
2 info using npm@1.1.49
3 info using node@v0.8.7
4 verbose read json /Users/simonmcmanus/node/yourproblemshared.com/package.json
5 verbose read json /Users/simonmcmanus/node/yourproblemshared.com/node_modules/express/package.json
6 verbose read json /Users/simonmcmanus/node/yourproblemshared.com/node_modules/mysql/package.json
7 verbose read json /Users/simonmcmanus/node/yourproblemshared.com/node_modules/redis/package.json
8 verbose from cache /Users/simonmcmanus/node/yourproblemshared.com/package.json
9 verbose readDependencies using package.json deps
10 verbose cache add [ 'nodejitsu', null ]
11 silly cache add name=undefined spec="nodejitsu" args=["nodejitsu",null]
12 verbose parsed url { pathname: 'nodejitsu', path: 'nodejitsu', href: 'nodejitsu' }
13 silly lockFile 26ffacc9-nodejitsu nodejitsu
14 verbose lock nodejitsu /Users/simonmcmanus/.npm/26ffacc9-nodejitsu.lock
15 silly lockFile 26ffacc9-nodejitsu nodejitsu
16 verbose addNamed [ 'nodejitsu', '' ]
17 verbose addNamed [ null, '' ]
18 silly lockFile c074668e-nodejitsu nodejitsu@
19 verbose lock nodejitsu@ /Users/simonmcmanus/.npm/c074668e-nodejitsu.lock
20 silly addNameRange { name: 'nodejitsu', range: '', hasData: false }
21 verbose url raw nodejitsu
22 verbose url resolving [ 'https://registry.npmjs.org/', './nodejitsu' ]
23 verbose url resolved https://registry.npmjs.org/nodejitsu
24 info retry registry request attempt 1 at 20:39:17
25 http GET https://registry.npmjs.org/nodejitsu
26 http 404 https://registry.npmjs.org/nodejitsu
27 silly registry.get cb [ 404,
27 silly registry.get   { server: 'CouchDB/1.2.0 (Erlang OTP/R15B)',
27 silly registry.get     date: 'Tue, 28 Aug 2012 19:39:11 GMT',
27 silly registry.get     'content-type': 'application/json',
27 silly registry.get     'content-length': '52',
27 silly registry.get     'cache-control': 'must-revalidate' } ]
28 silly lockFile c074668e-nodejitsu nodejitsu@
29 error 404 'nodejitsu' is not in the npm registry.
29 error 404 You should bug the author to publish it
29 error 404
29 error 404 Note that you can also install from a
29 error 404 tarball, folder, or http url, or git url.
30 error System Darwin 12.0.0
31 error command "node" "/usr/local/bin/npm" "install" "nodejitsu"
32 error cwd /Users/simonmcmanus/node/yourproblemshared.com
33 error node -v v0.8.7
34 error npm -v 1.1.49
35 error code E404
36 verbose exit [ 1, true ]
